\BOOKMARK [0][-]{abstract.0}{\376\377\144\130\000\040\000\040\000\040\000\040\211\201}{}% 1
\BOOKMARK [0][-]{englishabstract.0}{\376\377\000A\000B\000S\000T\000R\000A\000C\000T}{}% 2
\BOOKMARK [0][-]{toc.0}{\376\377\166\356\000\040\000\040\000\040\000\040\137\125}{}% 3
\BOOKMARK [0][-]{chapter*.4}{\376\377\143\322\126\376\175\042\137\025}{}% 4
\BOOKMARK [0][-]{chapter*.5}{\376\377\210\150\150\074\175\042\137\025}{}% 5
\BOOKMARK [0][-]{chapter*.6}{\376\377\173\227\154\325\175\042\137\025}{}% 6
\BOOKMARK [0][-]{chapter*.7}{\376\377\116\073\211\201\173\046\123\367\133\371\161\147\210\150}{}% 7
\BOOKMARK [0][-]{chapter.1}{\376\377\173\054\116\000\172\340\000\040\000\040\176\352\213\272}{}% 8
\BOOKMARK [1][-]{section.1.1}{\376\377\0001\000.\0001\000\040\213\355\212\000\152\041\127\213\123\312\121\166\170\024\172\166\200\314\146\157}{chapter.1}% 9
\BOOKMARK [1][-]{section.1.2}{\376\377\0001\000.\0002\000\040\213\355\212\000\152\041\127\213\166\204\166\370\121\163\170\024\172\166}{chapter.1}% 10
\BOOKMARK [1][-]{section.1.3}{\376\377\0001\000.\0003\000\040\147\054\145\207\166\204\170\024\172\166\121\205\133\271\123\312\215\041\163\056}{chapter.1}% 11
\BOOKMARK [1][-]{section.1.4}{\376\377\0001\000.\0004\000\040\213\272\145\207\176\323\147\204}{chapter.1}% 12
\BOOKMARK [0][-]{chapter.2}{\376\377\173\054\116\214\172\340\000\040\000\040\213\355\212\000\152\041\127\213}{}% 13
\BOOKMARK [1][-]{section.2.1}{\376\377\0002\000.\0001\000\040\213\355\212\000\152\041\127\213\127\050\213\355\227\363\213\306\122\053\377\010\000A\000S\000R\377\011\116\055\166\204\117\134\165\050}{chapter.2}% 14
\BOOKMARK [1][-]{section.2.2}{\376\377\0002\000.\0002\000\040\000N\000-\000g\000r\000a\000m\213\355\212\000\152\041\127\213}{chapter.2}% 15
\BOOKMARK [2][-]{subsection.2.2.1}{\376\377\0002\000.\0002\000.\0001\000\040\000N\000-\000g\000r\000a\000m\166\204\151\202\137\365}{section.2.2}% 16
\BOOKMARK [2][-]{subsection.2.2.2}{\376\377\0002\000.\0002\000.\0002\000\040\145\160\143\156\136\163\156\321\142\200\147\057}{section.2.2}% 17
\BOOKMARK [2][-]{subsection.2.2.3}{\376\377\0002\000.\0002\000.\0003\000\040\000N\000-\000g\000r\000a\000m\166\204\142\151\134\125}{section.2.2}% 18
\BOOKMARK [2][-]{subsection.2.2.4}{\376\377\0002\000.\0002\000.\0004\000\040\000N\000-\000g\000r\000a\000m\166\204\117\030\122\243}{section.2.2}% 19
\BOOKMARK [1][-]{section.2.3}{\376\377\0002\000.\0003\000\040\137\252\163\257\171\136\176\317\177\121\176\334\213\355\212\000\152\041\127\213\000R\000N\000N\000L\000M}{chapter.2}% 20
\BOOKMARK [2][-]{subsection.2.3.1}{\376\377\0002\000.\0003\000.\0001\000\040\116\272\135\345\171\136\176\317\177\121\176\334}{section.2.3}% 21
\BOOKMARK [2][-]{subsection.2.3.2}{\376\377\0002\000.\0003\000.\0002\000\040\000R\000N\000N\000L\000M\166\204\176\323\147\204\116\016\123\237\164\006}{section.2.3}% 22
\BOOKMARK [2][-]{subsection.2.3.3}{\376\377\0002\000.\0003\000.\0003\000\040\000R\000N\000N\000L\000M\166\204\176\303\155\101\172\013\124\214\153\145\232\244}{section.2.3}% 23
\BOOKMARK [2][-]{subsection.2.3.4}{\376\377\0002\000.\0003\000.\0004\000\040\000R\000N\000N\000L\000M\166\204\213\255\176\303\145\160\133\146\127\372\170\100\123\312\000B\000P\000T\000T}{section.2.3}% 24
\BOOKMARK [1][-]{section.2.4}{\376\377\0002\000.\0004\000\040\225\177\167\355\145\366\225\364\213\260\137\306\171\136\176\317\177\121\176\334\213\355\212\000\152\041\127\213\000L\000S\000T\000M\000L\000M}{chapter.2}% 25
\BOOKMARK [2][-]{subsection.2.4.1}{\376\377\0002\000.\0004\000.\0001\000\040\000L\000S\000T\000M\123\125\121\103\123\312\121\166\145\160\133\146\123\237\164\006}{section.2.4}% 26
\BOOKMARK [2][-]{subsection.2.4.2}{\376\377\0002\000.\0004\000.\0002\000\040\000L\000S\000T\000M\166\204\117\030\122\243}{section.2.4}% 27
\BOOKMARK [0][-]{chapter.3}{\376\377\173\054\116\011\172\340\000\040\000\040\227\142\124\021\176\323\147\204\123\026\213\355\212\000\152\041\127\213\166\204\133\146\116\140\163\207\201\352\220\002\136\224\170\024\172\166}{}% 28
\BOOKMARK [1][-]{section.3.1}{\376\377\0003\000.\0001\000\040\170\024\172\166\122\250\147\072\124\214\170\024\172\166\141\017\116\111}{chapter.3}% 29
\BOOKMARK [1][-]{section.3.2}{\376\377\0003\000.\0002\000\040\226\217\147\072\150\257\136\246\116\013\226\115\154\325\124\214\133\146\116\140\163\207}{chapter.3}% 30
\BOOKMARK [1][-]{section.3.3}{\376\377\0003\000.\0003\000\040\172\063\133\232\173\227\133\120\000B\000e\000t\000a\123\312\201\352\220\002\136\224}{chapter.3}% 31
\BOOKMARK [1][-]{section.3.4}{\376\377\0003\000.\0004\000\040\000L\000S\000T\000M\213\355\212\000\152\041\127\213\137\025\121\145\172\063\133\232\173\227\133\120}{chapter.3}% 32
\BOOKMARK [1][-]{section.3.5}{\376\377\0003\000.\0005\000\040\172\063\133\232\173\227\133\120\000b\000e\000t\000a\166\204\000L\0002\000n\000o\000r\000m\203\003\145\160}{chapter.3}% 33
\BOOKMARK [0][-]{chapter.4}{\376\377\173\054\126\333\172\340\000\040\000\040\227\142\124\021\000A\000S\000R\166\204\176\323\147\204\123\026\123\125\124\021\217\205\122\251\117\341\140\157\000M\000u\000l\000t\000i\000-\000v\000i\000e\000w\213\355\212\000\152\041\127\213}{}% 34
\BOOKMARK [1][-]{section.4.1}{\376\377\0004\000.\0001\000\040\163\260\147\011\176\323\147\204\123\026\213\355\212\000\152\041\127\213\170\024\172\166\123\312\163\260\162\266}{chapter.4}% 35
\BOOKMARK [2][-]{subsection.4.1.1}{\376\377\0004\000.\0001\000.\0001\000\040\000m\000u\000l\000t\000i\000-\000t\000a\000s\000k\213\355\212\000\152\041\127\213}{section.4.1}% 36
\BOOKMARK [2][-]{subsection.4.1.2}{\376\377\0004\000.\0001\000.\0002\000\040\000M\000u\000l\000t\000i\000-\000t\000a\000s\000k\213\355\212\000\152\041\127\213}{section.4.1}% 37
\BOOKMARK [2][-]{subsection.4.1.3}{\376\377\0004\000.\0001\000.\0003\000\040\000m\000u\000l\000t\000i\000-\000t\000a\000s\000k\152\041\127\213\176\323\147\204}{section.4.1}% 38
\BOOKMARK [2][-]{subsection.4.1.4}{\376\377\0004\000.\0001\000.\0004\000\040\000m\000u\000l\000t\000i\000-\000t\000a\000s\000k\213\355\212\000\152\041\127\213\166\204\210\150\163\260}{section.4.1}% 39
\BOOKMARK [2][-]{subsection.4.1.5}{\376\377\0004\000.\0001\000.\0005\000\040\000M\000u\000l\000t\000i\000-\000v\000i\000e\000w\213\355\212\000\152\041\127\213}{section.4.1}% 40
\BOOKMARK [2][-]{subsection.4.1.6}{\376\377\0004\000.\0001\000.\0006\000\040\000J\000o\000i\000n\000t\000-\000t\000r\000a\000i\000n\213\355\212\000\152\041\127\213}{section.4.1}% 41
\BOOKMARK [2][-]{subsection.4.1.7}{\376\377\0004\000.\0001\000.\0007\000\040\170\024\172\166\122\250\147\072\124\214\140\035\215\357}{section.4.1}% 42
\BOOKMARK [1][-]{section.4.2}{\376\377\0004\000.\0002\000\040\123\125\124\021\217\205\122\251\117\341\140\157\152\041\127\213\166\204\217\205\122\251\117\341\140\157\220\011\123\326}{chapter.4}% 43
\BOOKMARK [2][-]{subsection.4.2.1}{\376\377\0004\000.\0002\000.\0001\000\040\213\315\140\047\150\007\154\350}{section.4.2}% 44
\BOOKMARK [2][-]{subsection.4.2.2}{\376\377\0004\000.\0002\000.\0002\000\040\124\175\124\015\133\236\117\123\213\306\122\053}{section.4.2}% 45
\BOOKMARK [2][-]{subsection.4.2.3}{\376\377\0004\000.\0002\000.\0003\000\040\213\355\154\325\127\127\150\007\154\350}{section.4.2}% 46
\BOOKMARK [1][-]{section.4.3}{\376\377\0004\000.\0003\000\040\123\125\124\021\217\205\122\251\117\341\140\157\166\204\000M\000u\000l\000t\000i\000-\000v\000i\000e\000w\213\355\212\000\152\041\127\213\176\323\147\204}{chapter.4}% 47
\BOOKMARK [2][-]{subsection.4.3.1}{\376\377\0004\000.\0003\000.\0001\000\040\123\125\124\021\000L\000S\000T\000M\150\007\154\350\152\041\127\213\220\350\122\006}{section.4.3}% 48
\BOOKMARK [2][-]{subsection.4.3.2}{\376\377\0004\000.\0003\000.\0002\000\040\000M\000u\000l\000t\000i\000-\000v\000i\000e\000w\213\355\212\000\152\041\127\213\220\350\122\006}{section.4.3}% 49
\BOOKMARK [1][-]{section.4.4}{\376\377\0004\000.\0004\000\040\152\041\127\213\166\204\213\255\176\303\145\271\154\325}{chapter.4}% 50
\BOOKMARK [0][-]{chapter.5}{\376\377\173\054\116\224\172\340\000\040\000\040\133\236\232\214\116\016\122\006\147\220}{}% 51
\BOOKMARK [1][-]{section.5.1}{\376\377\0005\000.\0001\000\040\133\236\232\214\213\276\213\241}{chapter.5}% 52
\BOOKMARK [2][-]{subsection.5.1.1}{\376\377\0005\000.\0001\000.\0001\000\040\133\236\232\214\166\356\166\204}{section.5.1}% 53
\BOOKMARK [2][-]{subsection.5.1.2}{\376\377\0005\000.\0001\000.\0002\000\040\155\113\213\325\150\007\121\306}{section.5.1}% 54
\BOOKMARK [2][-]{subsection.5.1.3}{\376\377\0005\000.\0001\000.\0003\000\040\133\236\232\214\123\302\145\160}{section.5.1}% 55
\BOOKMARK [1][-]{section.5.2}{\376\377\0005\000.\0002\000\040\133\236\232\214\121\306\131\007}{chapter.5}% 56
\BOOKMARK [2][-]{subsection.5.2.1}{\376\377\0005\000.\0002\000.\0001\000\040\145\160\143\156\226\306}{section.5.2}% 57
\BOOKMARK [2][-]{subsection.5.2.2}{\376\377\0005\000.\0002\000.\0002\000\040\133\236\232\214\170\154\116\366}{section.5.2}% 58
\BOOKMARK [2][-]{subsection.5.2.3}{\376\377\0005\000.\0002\000.\0003\000\040\133\236\232\214\136\163\123\360\123\312\135\345\121\167}{section.5.2}% 59
\BOOKMARK [1][-]{section.5.3}{\376\377\0005\000.\0003\000\040\133\236\232\214\176\323\147\234\116\016\122\006\147\220\377\032\227\142\124\021\176\323\147\204\123\026\213\355\212\000\152\041\127\213\166\204\133\146\116\140\163\207\201\352\220\002\136\224\173\227\154\325}{chapter.5}% 60
\BOOKMARK [1][-]{section.5.4}{\376\377\0005\000.\0004\000\040\133\236\232\214\176\323\147\234\116\016\122\006\147\220\377\032\227\142\124\021\000A\000S\000R\166\204\123\125\124\021\217\205\122\251\117\341\140\157\000M\000u\000l\000t\000i\000-\000v\000i\000e\000w\213\355\212\000\152\041\127\213}{chapter.5}% 61
\BOOKMARK [2][-]{subsection.5.4.1}{\376\377\0005\000.\0004\000.\0001\000\040\150\007\154\350\152\041\127\213\166\204\155\113\213\325\116\016\213\304\117\060}{section.5.4}% 62
\BOOKMARK [2][-]{subsection.5.4.2}{\376\377\0005\000.\0004\000.\0002\000\040\000E\000v\000a\000l\000u\000a\000t\000i\000o\000n\000\040\000o\000f\000\040\000t\000r\000a\000i\000n\000i\000n\000g\000\040\000m\000e\000t\000h\000o\000d\000s}{section.5.4}% 63
\BOOKMARK [2][-]{subsection.5.4.3}{\376\377\0005\000.\0004\000.\0003\000\040\000M\000u\000l\000t\000i\000-\000v\000i\000e\000w\213\355\212\000\152\041\127\213\166\204\155\113\213\325}{section.5.4}% 64
\BOOKMARK [0][-]{chapter*.8}{\376\377\121\150\145\207\140\073\176\323}{}% 65
\BOOKMARK [0][-]{appendix.A}{\376\377\226\104\137\125\000\040\000A\000\040\000\040\144\055\136\372\152\041\147\177\177\026\213\321\163\257\130\203}{}% 66
\BOOKMARK [1][-]{section.A.1}{\376\377\000A\000.\0001\000\040\133\211\210\305\000T\000e\000X\123\321\210\114\162\110}{appendix.A}% 67
\BOOKMARK [2][-]{subsection.A.1.1}{\376\377\000A\000.\0001\000.\0001\000\040\000M\000a\000c\000\040\000O\000S\000\040\000X}{section.A.1}% 68
\BOOKMARK [2][-]{subsection.A.1.2}{\376\377\000A\000.\0001\000.\0002\000\040\000L\000i\000n\000u\000x}{section.A.1}% 69
\BOOKMARK [1][-]{section.A.2}{\376\377\000A\000.\0002\000\040\133\211\210\305\116\055\145\207\133\127\117\123}{appendix.A}% 70
\BOOKMARK [2][-]{subsection.A.2.1}{\376\377\000A\000.\0002\000.\0001\000\040\000M\000a\000c\000\040\000O\000S\000\040\000X\060\001\000D\000e\000e\000p\000i\000n}{section.A.2}% 71
\BOOKMARK [2][-]{subsection.A.2.2}{\376\377\000A\000.\0002\000.\0002\000\040\000R\000e\000d\000H\000a\000t\000/\000C\000e\000n\000t\000O\000S\165\050\142\067}{section.A.2}% 72
\BOOKMARK [0][-]{appendix.B}{\376\377\226\104\137\125\000\040\000B\000\040\000\040\000M\000a\000x\000w\000e\000l\000l\000\040\000E\000q\000u\000a\000t\000i\000o\000n\000s}{}% 73
\BOOKMARK [0][-]{appendix.C}{\376\377\226\104\137\125\000\040\000C\000\040\000\040\116\316\000\040\000C\000J\000K\040\023\000L\000a\000T\000e\000X\217\154\124\021\000\040\000X\0000\000.\0005\000e\000x\0000\000.\0005\000e\000x\000"\0000\0001\0008\000E\0000\000.\0005\000e\000x\000T\000e\000X}{}% 74
\BOOKMARK [0][-]{appendix.D}{\376\377\226\104\137\125\000\040\000D\000\040\000\040\152\041\147\177\146\364\145\260\213\260\137\125}{}% 75
\BOOKMARK [0][-]{appendix*.9}{\376\377\123\302\200\003\145\207\163\056}{}% 76
\BOOKMARK [0][-]{appendix*.10}{\376\377\201\364\000\040\000\040\000\040\000\040\214\042}{}% 77
\BOOKMARK [0][-]{appendix*.11}{\376\377\145\073\213\373\133\146\117\115\147\037\225\364\123\321\210\150\166\204\133\146\147\057\213\272\145\207}{}% 78
\BOOKMARK [0][-]{appendix*.12}{\376\377\145\073\213\373\133\146\117\115\147\037\225\364\123\302\116\016\166\204\230\171\166\356}{}% 79
